[debug] [2023-08-30T12:41:37.194Z] ----------------------------------------------------------------------
[debug] [2023-08-30T12:41:37.199Z] Command:       /usr/local/bin/node /usr/local/bin/firebase init
[debug] [2023-08-30T12:41:37.200Z] CLI Version:   12.5.2
[debug] [2023-08-30T12:41:37.200Z] Platform:      darwin
[debug] [2023-08-30T12:41:37.201Z] Node Version:  v16.14.2
[debug] [2023-08-30T12:41:37.906Z] Time:          Wed Aug 30 2023 13:41:37 GMT+0100 (West Africa Standard Time)
[debug] [2023-08-30T12:41:37.907Z] ----------------------------------------------------------------------
[debug] 
[debug] [2023-08-30T12:41:37.987Z] > command requires scopes: ["email","openid","https://www.googleapis.com/auth/cloudplatformprojects.readonly","https://www.googleapis.com/auth/firebase","https://www.googleapis.com/auth/cloud-platform"]
[debug] [2023-08-30T12:41:37.988Z] > authorizing via signed-in user (samuelayo61@gmail.com)
[info] 
     ######## #### ########  ######## ########     ###     ######  ########
     ##        ##  ##     ## ##       ##     ##  ##   ##  ##       ##
     ######    ##  ########  ######   ########  #########  ######  ######
     ##        ##  ##    ##  ##       ##     ## ##     ##       ## ##
     ##       #### ##     ## ######## ########  ##     ##  ######  ########

You're about to initialize a Firebase project in this directory:

  /Users/mac/Desktop/06-kodec-router-n-firebase-master

[info] 
=== Project Setup
[info] 
[info] First, let's associate this project directory with a Firebase project.
[info] You can create multiple project aliases by running firebase use --add, 
[info] but for now we'll just set up a default project.
[info] 
[debug] [2023-08-30T12:42:26.271Z] > refreshing access token with scopes: []
[debug] [2023-08-30T12:42:26.275Z] >>> [apiv2][query] POST https://www.googleapis.com/oauth2/v3/token [none]
[debug] [2023-08-30T12:42:26.275Z] >>> [apiv2][body] POST https://www.googleapis.com/oauth2/v3/token [omitted]
[debug] [2023-08-30T12:42:27.006Z] <<< [apiv2][status] POST https://www.googleapis.com/oauth2/v3/token 200
[debug] [2023-08-30T12:42:27.007Z] <<< [apiv2][body] POST https://www.googleapis.com/oauth2/v3/token [omitted]
[debug] [2023-08-30T12:42:27.379Z] >>> [apiv2][query] GET https://firebase.googleapis.com/v1beta1/projects pageSize=100
[debug] [2023-08-30T12:42:28.466Z] <<< [apiv2][status] GET https://firebase.googleapis.com/v1beta1/projects 200
[debug] [2023-08-30T12:42:28.467Z] <<< [apiv2][body] GET https://firebase.googleapis.com/v1beta1/projects [omitted]
[info] i  Using project enlightenxk (enlightenxk) 
[info] 
=== Database Setup
[info] i  database: ensuring required API firebasedatabase.googleapis.com is enabled... 
[debug] [2023-08-30T12:42:32.627Z] >>> [apiv2][query] GET https://serviceusage.googleapis.com/v1/projects/enlightenxk/services/firebasedatabase.googleapis.com [none]
[debug] [2023-08-30T12:42:32.627Z] >>> [apiv2][(partial)header] GET https://serviceusage.googleapis.com/v1/projects/enlightenxk/services/firebasedatabase.googleapis.com x-goog-quota-user=projects/enlightenxk
[debug] [2023-08-30T12:42:34.163Z] <<< [apiv2][status] GET https://serviceusage.googleapis.com/v1/projects/enlightenxk/services/firebasedatabase.googleapis.com 200
[debug] [2023-08-30T12:42:34.163Z] <<< [apiv2][body] GET https://serviceusage.googleapis.com/v1/projects/enlightenxk/services/firebasedatabase.googleapis.com [omitted]
[warn] ⚠  database: missing required API firebasedatabase.googleapis.com. Enabling now... 
[debug] [2023-08-30T12:42:34.165Z] >>> [apiv2][query] POST https://serviceusage.googleapis.com/v1/projects/enlightenxk/services/firebasedatabase.googleapis.com:enable [none]
[debug] [2023-08-30T12:42:34.166Z] >>> [apiv2][(partial)header] POST https://serviceusage.googleapis.com/v1/projects/enlightenxk/services/firebasedatabase.googleapis.com:enable x-goog-quota-user=projects/enlightenxk
[debug] [2023-08-30T12:42:36.250Z] <<< [apiv2][status] POST https://serviceusage.googleapis.com/v1/projects/enlightenxk/services/firebasedatabase.googleapis.com:enable 200
[debug] [2023-08-30T12:42:36.251Z] <<< [apiv2][body] POST https://serviceusage.googleapis.com/v1/projects/enlightenxk/services/firebasedatabase.googleapis.com:enable [omitted]
[debug] [2023-08-30T12:42:46.257Z] >>> [apiv2][query] GET https://serviceusage.googleapis.com/v1/projects/enlightenxk/services/firebasedatabase.googleapis.com [none]
[debug] [2023-08-30T12:42:46.258Z] >>> [apiv2][(partial)header] GET https://serviceusage.googleapis.com/v1/projects/enlightenxk/services/firebasedatabase.googleapis.com x-goog-quota-user=projects/enlightenxk
[debug] [2023-08-30T12:42:47.638Z] <<< [apiv2][status] GET https://serviceusage.googleapis.com/v1/projects/enlightenxk/services/firebasedatabase.googleapis.com 200
[debug] [2023-08-30T12:42:47.638Z] <<< [apiv2][body] GET https://serviceusage.googleapis.com/v1/projects/enlightenxk/services/firebasedatabase.googleapis.com [omitted]
[info] ✔  database: required API firebasedatabase.googleapis.com is enabled 
[info] 
[debug] [2023-08-30T12:42:47.717Z] >>> [apiv2][query] GET https://firebase.googleapis.com/v1beta1/projects/enlightenxk [none]
[debug] [2023-08-30T12:42:48.746Z] <<< [apiv2][status] GET https://firebase.googleapis.com/v1beta1/projects/enlightenxk 200
[debug] [2023-08-30T12:42:48.746Z] <<< [apiv2][body] GET https://firebase.googleapis.com/v1beta1/projects/enlightenxk {"projectId":"enlightenxk","projectNumber":"861621160605","displayName":"enlightenxk","name":"projects/enlightenxk","resources":{"hostingSite":"enlightenxk"},"state":"ACTIVE","etag":"1_2ed4a1dd-5401-4480-a1d3-2d4dabb8e32f"}
[info] 
[info] Firebase Realtime Database Security Rules allow you to define how your data should be
[info] structured and when your data can be read from and written to.
[info] 
[info] ✔  Default rules have been written to database.rules.json. 
[info] Future modifications to database.rules.json will update Realtime Database Security Rules when you run
[info] firebase deploy.
[info] 
=== Hosting Setup
[info] 
[info] Your public directory is the folder (relative to your project directory) that
[info] will contain Hosting assets to be uploaded with firebase deploy. If you
[info] have a build process for your assets, use your build's output directory.
[info] 
[debug] [2023-08-30T12:43:21.868Z] >>> [apiv2][query] GET https://www.gstatic.com/firebasejs/releases.json [none]
[debug] [2023-08-30T12:43:23.929Z] <<< [apiv2][status] GET https://www.gstatic.com/firebasejs/releases.json 200
[debug] [2023-08-30T12:43:23.929Z] <<< [apiv2][body] GET https://www.gstatic.com/firebasejs/releases.json {"current":{"version":"10.3.0","browserURL":"https://www.gstatic.com/firebasejs/10.3.0/firebase.js","packageURL":"https://www.gstatic.com/firebasejs/10.3.0/firebase.tgz"},"live":{"version":"10.3","browserURL":"https://www.gstatic.com/firebasejs/live/10.3/firebase.js","packageURL":"https://www.gstatic.com/firebasejs/live/10.3/firebase.tgz"},"components":{"analytics":"https://www.gstatic.com/firebasejs/10.3.0/firebase-analytics.js","app":"https://www.gstatic.com/firebasejs/10.3.0/firebase-app.js","app-check":"https://www.gstatic.com/firebasejs/10.3.0/firebase-app-check.js","auth":"https://www.gstatic.com/firebasejs/10.3.0/firebase-auth.js","auth/cordova":"https://www.gstatic.com/firebasejs/10.3.0/firebase-auth/cordova.js","functions":"https://www.gstatic.com/firebasejs/10.3.0/firebase-functions.js","firestore":"https://www.gstatic.com/firebasejs/10.3.0/firebase-firestore.js","firestore/lite":"https://www.gstatic.com/firebasejs/10.3.0/firebase-firestore/lite.js","installations":"https://www.gstatic.com/firebasejs/10.3.0/firebase-installations.js","storage":"https://www.gstatic.com/firebasejs/10.3.0/firebase-storage.js","performance":"https://www.gstatic.com/firebasejs/10.3.0/firebase-performance.js","remote-config":"https://www.gstatic.com/firebasejs/10.3.0/firebase-remote-config.js","messaging":"https://www.gstatic.com/firebasejs/10.3.0/firebase-messaging.js","messaging/sw":"https://www.gstatic.com/firebasejs/10.3.0/firebase-messaging/sw.js","database":"https://www.gstatic.com/firebasejs/10.3.0/firebase-database.js","firestore.memory":"https://www.gstatic.com/firebasejs/10.3.0/firebase-firestore.memory.js"}}
[info] ✔  Wrote y/index.html 
[info] 
[info] i  Detected a .git folder at /Users/mac/Desktop/06-kodec-router-n-firebase-master 
[info] i  Authorizing with GitHub to upload your service account to a GitHub repository's secrets store. 
[info] 
[info] Visit this URL on this device to log in:
[info] https://github.com/login/oauth/authorize?client_id=89cf50f02ac6aaed3484&state=615201296&redirect_uri=http%3A%2F%2Flocalhost%3A9005&scope=read%3Auser%20repo%20public_repo
[info] 
[info] Waiting for authentication...
[debug] [2023-08-30T12:43:26.416Z] >>> [apiv2][query] POST https://github.com/login/oauth/access_token [none]
[debug] [2023-08-30T12:43:26.416Z] >>> [apiv2][body] POST https://github.com/login/oauth/access_token [stream]
[debug] [2023-08-30T12:43:28.334Z] <<< [apiv2][status] POST https://github.com/login/oauth/access_token 200
[debug] [2023-08-30T12:43:28.335Z] <<< [apiv2][body] POST https://github.com/login/oauth/access_token {"access_token":"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","token_type":"bearer","scope":"read:user,repo"}
[debug] [2023-08-30T12:43:28.502Z] >>> [apiv2][query] GET https://api.github.com/user [none]
[debug] [2023-08-30T12:43:29.370Z] <<< [apiv2][status] GET https://api.github.com/user 200
[debug] [2023-08-30T12:43:29.370Z] <<< [apiv2][body] GET https://api.github.com/user {"login":"XKolz","id":72173277,"node_id":"MDQ6VXNlcjcyMTczMjc3","avatar_url":"https://avatars.githubusercontent.com/u/72173277?v=4","gravatar_id":"","url":"https://api.github.com/users/XKolz","html_url":"https://github.com/XKolz","followers_url":"https://api.github.com/users/XKolz/followers","following_url":"https://api.github.com/users/XKolz/following{/other_user}","gists_url":"https://api.github.com/users/XKolz/gists{/gist_id}","starred_url":"https://api.github.com/users/XKolz/starred{/owner}{/repo}","subscriptions_url":"https://api.github.com/users/XKolz/subscriptions","organizations_url":"https://api.github.com/users/XKolz/orgs","repos_url":"https://api.github.com/users/XKolz/repos","events_url":"https://api.github.com/users/XKolz/events{/privacy}","received_events_url":"https://api.github.com/users/XKolz/received_events","type":"User","site_admin":false,"name":null,"company":null,"blog":"","location":null,"email":null,"hireable":null,"bio":null,"twitter_username":null,"public_repos":49,"public_gists":0,"followers":4,"following":35,"created_at":"2020-09-30T23:53:36Z","updated_at":"2023-08-27T12:06:29Z","private_gists":0,"total_private_repos":0,"owned_private_repos":0,"disk_usage":98449,"collaborators":0,"two_factor_authentication":false,"plan":{"name":"pro","space":976562499,"collaborators":0,"private_repos":9999}}
[info] 
[info] ✔  Success! Logged into GitHub as XKolz 
[info] 
[debug] [2023-08-30T12:43:56.252Z] >>> [apiv2][query] GET https://api.github.com/repos/repository/actions/secrets/public-key type=owner
[debug] [2023-08-30T12:43:57.036Z] <<< [apiv2][status] GET https://api.github.com/repos/repository/actions/secrets/public-key 404
[debug] [2023-08-30T12:43:57.036Z] <<< [apiv2][body] GET https://api.github.com/repos/repository/actions/secrets/public-key {"message":"Not Found","documentation_url":"https://docs.github.com/rest"}
[info] 
[info] 
[error] ⚠  The provided authorization cannot be used with this repository. If this repository is in an organization, did you remember to grant access? 
[info] 
[info] i  Action required: Visit this URL to ensure access has been granted to the appropriate organization(s) for the Firebase CLI GitHub OAuth App: 
[info] https://github.com/settings/connections/applications/89cf50f02ac6aaed3484
[info] 
[debug] [2023-08-30T12:44:09.545Z] >>> [apiv2][query] GET https://api.github.com/repos/user/actions/secrets/public-key type=owner
[debug] [2023-08-30T12:44:10.248Z] <<< [apiv2][status] GET https://api.github.com/repos/user/actions/secrets/public-key 404
[debug] [2023-08-30T12:44:10.248Z] <<< [apiv2][body] GET https://api.github.com/repos/user/actions/secrets/public-key {"message":"Not Found","documentation_url":"https://docs.github.com/rest"}
[info] 
[info] 
[error] ⚠  The provided authorization cannot be used with this repository. If this repository is in an organization, did you remember to grant access? 
[info] 
[info] i  Action required: Visit this URL to ensure access has been granted to the appropriate organization(s) for the Firebase CLI GitHub OAuth App: 
[info] https://github.com/settings/connections/applications/89cf50f02ac6aaed3484
[info] 
[debug] [2023-08-30T12:44:11.059Z] >>> [apiv2][query] GET https://api.github.com/repos/user/actions/secrets/public-key type=owner
[debug] [2023-08-30T12:44:11.744Z] <<< [apiv2][status] GET https://api.github.com/repos/user/actions/secrets/public-key 404
[debug] [2023-08-30T12:44:11.744Z] <<< [apiv2][body] GET https://api.github.com/repos/user/actions/secrets/public-key {"message":"Not Found","documentation_url":"https://docs.github.com/rest"}
[info] 
[info] 
[error] ⚠  The provided authorization cannot be used with this repository. If this repository is in an organization, did you remember to grant access? 
[info] 
[info] i  Action required: Visit this URL to ensure access has been granted to the appropriate organization(s) for the Firebase CLI GitHub OAuth App: 
[info] https://github.com/settings/connections/applications/89cf50f02ac6aaed3484
[info] 
[debug] [2023-08-30T12:44:21.459Z] >>> [apiv2][query] GET https://api.github.com/repos/user /actions/secrets/public-key type=owner
[debug] [2023-08-30T12:44:22.992Z] <<< [apiv2][status] GET https://api.github.com/repos/user /actions/secrets/public-key 404
[debug] [2023-08-30T12:44:22.993Z] <<< [apiv2][body] GET https://api.github.com/repos/user /actions/secrets/public-key {"message":"Not Found","documentation_url":"https://docs.github.com/rest"}
[info] 
[info] 
[error] ⚠  The provided authorization cannot be used with this repository. If this repository is in an organization, did you remember to grant access? 
[info] 
[info] i  Action required: Visit this URL to ensure access has been granted to the appropriate organization(s) for the Firebase CLI GitHub OAuth App: 
[info] https://github.com/settings/connections/applications/89cf50f02ac6aaed3484
[info] 
[debug] [2023-08-30T12:44:24.875Z] >>> [apiv2][query] GET https://api.github.com/repos/user      /actions/secrets/public-key type=owner
[debug] [2023-08-30T12:44:25.377Z] >>> [apiv2][query] GET https://api.github.com/repos//actions/secrets/public-key type=owner
[debug] [2023-08-30T12:44:25.459Z] >>> [apiv2][query] GET https://api.github.com/repos//actions/secrets/public-key type=owner
[debug] [2023-08-30T12:44:25.836Z] <<< [apiv2][status] GET https://api.github.com/repos/user      /actions/secrets/public-key 404
[debug] [2023-08-30T12:44:25.836Z] <<< [apiv2][body] GET https://api.github.com/repos/user      /actions/secrets/public-key {"message":"Not Found","documentation_url":"https://docs.github.com/rest"}
[info] 
[info] 
[error] ⚠  The provided authorization cannot be used with this repository. If this repository is in an organization, did you remember to grant access? 
[info] 
[info] i  Action required: Visit this URL to ensure access has been granted to the appropriate organization(s) for the Firebase CLI GitHub OAuth App: 
[info] https://github.com/settings/connections/applications/89cf50f02ac6aaed3484
[info] 
[debug] [2023-08-30T12:44:26.122Z] <<< [apiv2][status] GET https://api.github.com/repos//actions/secrets/public-key 404
[debug] [2023-08-30T12:44:26.122Z] <<< [apiv2][body] GET https://api.github.com/repos//actions/secrets/public-key {"message":"Not Found","documentation_url":"https://docs.github.com/rest"}
[info] 
[info] 
[error] ⚠  The provided authorization cannot be used with this repository. If this repository is in an organization, did you remember to grant access? 
[info] 
[info] i  Action required: Visit this URL to ensure access has been granted to the appropriate organization(s) for the Firebase CLI GitHub OAuth App: 
[info] https://github.com/settings/connections/applications/89cf50f02ac6aaed3484
[info] 
[debug] [2023-08-30T12:44:27.033Z] <<< [apiv2][status] GET https://api.github.com/repos//actions/secrets/public-key 404
[debug] [2023-08-30T12:44:27.033Z] <<< [apiv2][body] GET https://api.github.com/repos//actions/secrets/public-key {"message":"Not Found","documentation_url":"https://docs.github.com/rest"}
[info] 
[info] 
[error] ⚠  The provided authorization cannot be used with this repository. If this repository is in an organization, did you remember to grant access? 
[info] 
[info] i  Action required: Visit this URL to ensure access has been granted to the appropriate organization(s) for the Firebase CLI GitHub OAuth App: 
[info] https://github.com/settings/connections/applications/89cf50f02ac6aaed3484
[info] 
[debug] [2023-08-30T12:44:29.522Z] >>> [apiv2][query] GET https://api.github.com/repos/ /actions/secrets/public-key type=owner
[debug] [2023-08-30T12:44:30.130Z] <<< [apiv2][status] GET https://api.github.com/repos/ /actions/secrets/public-key 404
[debug] [2023-08-30T12:44:30.130Z] <<< [apiv2][body] GET https://api.github.com/repos/ /actions/secrets/public-key {"message":"Not Found","documentation_url":"https://docs.github.com/rest"}
[info] 
[info] 
[error] ⚠  The provided authorization cannot be used with this repository. If this repository is in an organization, did you remember to grant access? 
[info] 
[info] i  Action required: Visit this URL to ensure access has been granted to the appropriate organization(s) for the Firebase CLI GitHub OAuth App: 
[info] https://github.com/settings/connections/applications/89cf50f02ac6aaed3484
[info] 
[debug] [2023-08-30T12:44:43.578Z] >>> [apiv2][query] GET https://api.github.com/repos/yes/actions/secrets/public-key type=owner
[debug] [2023-08-30T12:44:44.184Z] <<< [apiv2][status] GET https://api.github.com/repos/yes/actions/secrets/public-key 404
[debug] [2023-08-30T12:44:44.184Z] <<< [apiv2][body] GET https://api.github.com/repos/yes/actions/secrets/public-key {"message":"Not Found","documentation_url":"https://docs.github.com/rest"}
[info] 
[info] 
[error] ⚠  The provided authorization cannot be used with this repository. If this repository is in an organization, did you remember to grant access? 
[info] 
[info] i  Action required: Visit this URL to ensure access has been granted to the appropriate organization(s) for the Firebase CLI GitHub OAuth App: 
[info] https://github.com/settings/connections/applications/89cf50f02ac6aaed3484
[info] 
[debug] [2023-08-30T12:44:50.290Z] >>> [apiv2][query] GET https://api.github.com/repos/XKolz/actions/secrets/public-key type=owner
[debug] [2023-08-30T12:44:51.417Z] <<< [apiv2][status] GET https://api.github.com/repos/XKolz/actions/secrets/public-key 404
[debug] [2023-08-30T12:44:51.417Z] <<< [apiv2][body] GET https://api.github.com/repos/XKolz/actions/secrets/public-key {"message":"Not Found","documentation_url":"https://docs.github.com/rest"}
[info] 
[info] 
[error] ⚠  The provided authorization cannot be used with this repository. If this repository is in an organization, did you remember to grant access? 
[info] 
[info] i  Action required: Visit this URL to ensure access has been granted to the appropriate organization(s) for the Firebase CLI GitHub OAuth App: 
[info] https://github.com/settings/connections/applications/89cf50f02ac6aaed3484
[info] 
[debug] [2023-08-30T12:46:17.441Z] >>> [apiv2][query] GET https://api.github.com/repos//actions/secrets/public-key type=owner
[debug] [2023-08-30T12:46:18.115Z] <<< [apiv2][status] GET https://api.github.com/repos//actions/secrets/public-key 404
[debug] [2023-08-30T12:46:18.116Z] <<< [apiv2][body] GET https://api.github.com/repos//actions/secrets/public-key {"message":"Not Found","documentation_url":"https://docs.github.com/rest"}
[info] 
[info] 
[error] ⚠  The provided authorization cannot be used with this repository. If this repository is in an organization, did you remember to grant access? 
[info] 
[info] i  Action required: Visit this URL to ensure access has been granted to the appropriate organization(s) for the Firebase CLI GitHub OAuth App: 
[info] https://github.com/settings/connections/applications/89cf50f02ac6aaed3484
[info] 
[debug] [2023-08-30T12:46:23.621Z] ----------------------------------------------------------------------
[debug] [2023-08-30T12:46:23.628Z] Command:       /usr/local/bin/node /usr/local/bin/firebase init
[debug] [2023-08-30T12:46:23.629Z] CLI Version:   12.5.2
[debug] [2023-08-30T12:46:23.629Z] Platform:      darwin
[debug] [2023-08-30T12:46:23.630Z] Node Version:  v16.14.2
[debug] [2023-08-30T12:46:23.631Z] Time:          Wed Aug 30 2023 13:46:23 GMT+0100 (West Africa Standard Time)
[debug] [2023-08-30T12:46:23.632Z] ----------------------------------------------------------------------
[debug] 
[debug] [2023-08-30T12:46:23.721Z] > command requires scopes: ["email","openid","https://www.googleapis.com/auth/cloudplatformprojects.readonly","https://www.googleapis.com/auth/firebase","https://www.googleapis.com/auth/cloud-platform"]
[debug] [2023-08-30T12:46:23.722Z] > authorizing via signed-in user (samuelayo61@gmail.com)
[info] 
     ######## #### ########  ######## ########     ###     ######  ########
     ##        ##  ##     ## ##       ##     ##  ##   ##  ##       ##
     ######    ##  ########  ######   ########  #########  ######  ######
     ##        ##  ##    ##  ##       ##     ## ##     ##       ## ##
     ##       #### ##     ## ######## ########  ##     ##  ######  ########

You're about to initialize a Firebase project in this directory:

  /Users/mac/Desktop/06-kodec-router-n-firebase-master

[debug] [2023-08-30T12:46:53.276Z] >>> [apiv2][query] GET https://api.github.com/repos//actions/secrets/public-key type=owner
[debug] [2023-08-30T12:46:53.956Z] <<< [apiv2][status] GET https://api.github.com/repos//actions/secrets/public-key 404
[debug] [2023-08-30T12:46:53.956Z] <<< [apiv2][body] GET https://api.github.com/repos//actions/secrets/public-key {"message":"Not Found","documentation_url":"https://docs.github.com/rest"}
[info] 
[info] 
[error] ⚠  The provided authorization cannot be used with this repository. If this repository is in an organization, did you remember to grant access? 
[info] 
[info] i  Action required: Visit this URL to ensure access has been granted to the appropriate organization(s) for the Firebase CLI GitHub OAuth App: 
[info] https://github.com/settings/connections/applications/89cf50f02ac6aaed3484
[info] 
[debug] [2023-08-30T12:46:54.549Z] >>> [apiv2][query] GET https://api.github.com/repos//actions/secrets/public-key type=owner
[debug] [2023-08-30T12:46:55.214Z] <<< [apiv2][status] GET https://api.github.com/repos//actions/secrets/public-key 404
[debug] [2023-08-30T12:46:55.214Z] <<< [apiv2][body] GET https://api.github.com/repos//actions/secrets/public-key {"message":"Not Found","documentation_url":"https://docs.github.com/rest"}
[info] 
[info] 
[error] ⚠  The provided authorization cannot be used with this repository. If this repository is in an organization, did you remember to grant access? 
[info] 
[info] i  Action required: Visit this URL to ensure access has been granted to the appropriate organization(s) for the Firebase CLI GitHub OAuth App: 
[info] https://github.com/settings/connections/applications/89cf50f02ac6aaed3484
[info] 
[info] 
=== Project Setup
[info] 
[info] First, let's associate this project directory with a Firebase project.
[info] You can create multiple project aliases by running firebase use --add, 
[info] but for now we'll just set up a default project.
[info] 
[debug] [2023-08-30T12:47:31.971Z] >>> [apiv2][query] GET https://firebase.googleapis.com/v1beta1/projects pageSize=100
[debug] [2023-08-30T12:47:32.902Z] <<< [apiv2][status] GET https://firebase.googleapis.com/v1beta1/projects 200
[debug] [2023-08-30T12:47:32.903Z] <<< [apiv2][body] GET https://firebase.googleapis.com/v1beta1/projects [omitted]
[info] i  Using project enlightenxk (enlightenxk) 
[info] 
=== Hosting Setup
[info] 
[info] Your public directory is the folder (relative to your project directory) that
[info] will contain Hosting assets to be uploaded with firebase deploy. If you
[info] have a build process for your assets, use your build's output directory.
[info] 
[debug] [2023-08-30T12:47:48.203Z] >>> [apiv2][query] GET https://www.gstatic.com/firebasejs/releases.json [none]
[debug] [2023-08-30T12:47:48.488Z] <<< [apiv2][status] GET https://www.gstatic.com/firebasejs/releases.json 200
[debug] [2023-08-30T12:47:48.489Z] <<< [apiv2][body] GET https://www.gstatic.com/firebasejs/releases.json {"current":{"version":"10.3.0","browserURL":"https://www.gstatic.com/firebasejs/10.3.0/firebase.js","packageURL":"https://www.gstatic.com/firebasejs/10.3.0/firebase.tgz"},"live":{"version":"10.3","browserURL":"https://www.gstatic.com/firebasejs/live/10.3/firebase.js","packageURL":"https://www.gstatic.com/firebasejs/live/10.3/firebase.tgz"},"components":{"analytics":"https://www.gstatic.com/firebasejs/10.3.0/firebase-analytics.js","app":"https://www.gstatic.com/firebasejs/10.3.0/firebase-app.js","app-check":"https://www.gstatic.com/firebasejs/10.3.0/firebase-app-check.js","auth":"https://www.gstatic.com/firebasejs/10.3.0/firebase-auth.js","auth/cordova":"https://www.gstatic.com/firebasejs/10.3.0/firebase-auth/cordova.js","functions":"https://www.gstatic.com/firebasejs/10.3.0/firebase-functions.js","firestore":"https://www.gstatic.com/firebasejs/10.3.0/firebase-firestore.js","firestore/lite":"https://www.gstatic.com/firebasejs/10.3.0/firebase-firestore/lite.js","installations":"https://www.gstatic.com/firebasejs/10.3.0/firebase-installations.js","storage":"https://www.gstatic.com/firebasejs/10.3.0/firebase-storage.js","performance":"https://www.gstatic.com/firebasejs/10.3.0/firebase-performance.js","remote-config":"https://www.gstatic.com/firebasejs/10.3.0/firebase-remote-config.js","messaging":"https://www.gstatic.com/firebasejs/10.3.0/firebase-messaging.js","messaging/sw":"https://www.gstatic.com/firebasejs/10.3.0/firebase-messaging/sw.js","database":"https://www.gstatic.com/firebasejs/10.3.0/firebase-database.js","firestore.memory":"https://www.gstatic.com/firebasejs/10.3.0/firebase-firestore.memory.js"}}
[info] ✔  Wrote y/index.html 
[info] 
[info] i  Detected a .git folder at /Users/mac/Desktop/06-kodec-router-n-firebase-master 
[info] i  Authorizing with GitHub to upload your service account to a GitHub repository's secrets store. 
[info] 
[info] Visit this URL on this device to log in:
[info] https://github.com/login/oauth/authorize?client_id=89cf50f02ac6aaed3484&state=215491293&redirect_uri=http%3A%2F%2Flocalhost%3A9005&scope=read%3Auser%20repo%20public_repo
[info] 
[info] Waiting for authentication...
[debug] [2023-08-30T12:47:53.125Z] >>> [apiv2][query] POST https://github.com/login/oauth/access_token [none]
[debug] [2023-08-30T12:47:53.125Z] >>> [apiv2][body] POST https://github.com/login/oauth/access_token [stream]
[debug] [2023-08-30T12:47:53.891Z] <<< [apiv2][status] POST https://github.com/login/oauth/access_token 200
[debug] [2023-08-30T12:47:53.892Z] <<< [apiv2][body] POST https://github.com/login/oauth/access_token {"access_token":"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","token_type":"bearer","scope":"read:user,repo"}
[debug] [2023-08-30T12:47:53.927Z] >>> [apiv2][query] GET https://api.github.com/user [none]
[debug] [2023-08-30T12:47:54.638Z] <<< [apiv2][status] GET https://api.github.com/user 200
[debug] [2023-08-30T12:47:54.638Z] <<< [apiv2][body] GET https://api.github.com/user {"login":"XKolz","id":72173277,"node_id":"MDQ6VXNlcjcyMTczMjc3","avatar_url":"https://avatars.githubusercontent.com/u/72173277?v=4","gravatar_id":"","url":"https://api.github.com/users/XKolz","html_url":"https://github.com/XKolz","followers_url":"https://api.github.com/users/XKolz/followers","following_url":"https://api.github.com/users/XKolz/following{/other_user}","gists_url":"https://api.github.com/users/XKolz/gists{/gist_id}","starred_url":"https://api.github.com/users/XKolz/starred{/owner}{/repo}","subscriptions_url":"https://api.github.com/users/XKolz/subscriptions","organizations_url":"https://api.github.com/users/XKolz/orgs","repos_url":"https://api.github.com/users/XKolz/repos","events_url":"https://api.github.com/users/XKolz/events{/privacy}","received_events_url":"https://api.github.com/users/XKolz/received_events","type":"User","site_admin":false,"name":null,"company":null,"blog":"","location":null,"email":null,"hireable":null,"bio":null,"twitter_username":null,"public_repos":49,"public_gists":0,"followers":4,"following":35,"created_at":"2020-09-30T23:53:36Z","updated_at":"2023-08-27T12:06:29Z","private_gists":0,"total_private_repos":0,"owned_private_repos":0,"disk_usage":98449,"collaborators":0,"two_factor_authentication":false,"plan":{"name":"pro","space":976562499,"collaborators":0,"private_repos":9999}}
[info] 
[info] ✔  Success! Logged into GitHub as XKolz 
[info] 
[debug] [2023-08-30T12:48:50.569Z] >>> [apiv2][query] GET https://api.github.com/repos/y/actions/secrets/public-key type=owner
[debug] [2023-08-30T12:48:52.043Z] <<< [apiv2][status] GET https://api.github.com/repos/y/actions/secrets/public-key 404
[debug] [2023-08-30T12:48:52.043Z] <<< [apiv2][body] GET https://api.github.com/repos/y/actions/secrets/public-key {"message":"Not Found","documentation_url":"https://docs.github.com/rest"}
[info] 
[info] 
[error] ⚠  The provided authorization cannot be used with this repository. If this repository is in an organization, did you remember to grant access? 
[info] 
[info] i  Action required: Visit this URL to ensure access has been granted to the appropriate organization(s) for the Firebase CLI GitHub OAuth App: 
[info] https://github.com/settings/connections/applications/89cf50f02ac6aaed3484
[info] 
[debug] [2023-08-30T12:49:26.303Z] >>> [apiv2][query] GET https://api.github.com/repos/y/actions/secrets/public-key type=owner
[debug] [2023-08-30T12:49:27.004Z] <<< [apiv2][status] GET https://api.github.com/repos/y/actions/secrets/public-key 404
[debug] [2023-08-30T12:49:27.005Z] <<< [apiv2][body] GET https://api.github.com/repos/y/actions/secrets/public-key {"message":"Not Found","documentation_url":"https://docs.github.com/rest"}
[info] 
[info] 
[error] ⚠  The provided authorization cannot be used with this repository. If this repository is in an organization, did you remember to grant access? 
[info] 
[info] i  Action required: Visit this URL to ensure access has been granted to the appropriate organization(s) for the Firebase CLI GitHub OAuth App: 
[info] https://github.com/settings/connections/applications/89cf50f02ac6aaed3484
[info] 
[debug] [2023-08-30T12:49:30.367Z] >>> [apiv2][query] GET https://api.github.com/repos/y/actions/secrets/public-key type=owner
[debug] [2023-08-30T12:49:30.971Z] <<< [apiv2][status] GET https://api.github.com/repos/y/actions/secrets/public-key 404
[debug] [2023-08-30T12:49:30.972Z] <<< [apiv2][body] GET https://api.github.com/repos/y/actions/secrets/public-key {"message":"Not Found","documentation_url":"https://docs.github.com/rest"}
[info] 
[info] 
[error] ⚠  The provided authorization cannot be used with this repository. If this repository is in an organization, did you remember to grant access? 
[info] 
[info] i  Action required: Visit this URL to ensure access has been granted to the appropriate organization(s) for the Firebase CLI GitHub OAuth App: 
[info] https://github.com/settings/connections/applications/89cf50f02ac6aaed3484
[info] 
[debug] [2023-08-30T12:50:22.754Z] ----------------------------------------------------------------------
[debug] [2023-08-30T12:50:22.759Z] Command:       /usr/local/bin/node /usr/local/bin/firebase init
[debug] [2023-08-30T12:50:22.760Z] CLI Version:   12.5.2
[debug] [2023-08-30T12:50:22.760Z] Platform:      darwin
[debug] [2023-08-30T12:50:22.761Z] Node Version:  v16.14.2
[debug] [2023-08-30T12:50:22.762Z] Time:          Wed Aug 30 2023 13:50:22 GMT+0100 (West Africa Standard Time)
[debug] [2023-08-30T12:50:22.763Z] ----------------------------------------------------------------------
[debug] 
[debug] [2023-08-30T12:50:22.822Z] > command requires scopes: ["email","openid","https://www.googleapis.com/auth/cloudplatformprojects.readonly","https://www.googleapis.com/auth/firebase","https://www.googleapis.com/auth/cloud-platform"]
[debug] [2023-08-30T12:50:22.823Z] > authorizing via signed-in user (samuelayo61@gmail.com)
[info] 
     ######## #### ########  ######## ########     ###     ######  ########
     ##        ##  ##     ## ##       ##     ##  ##   ##  ##       ##
     ######    ##  ########  ######   ########  #########  ######  ######
     ##        ##  ##    ##  ##       ##     ## ##     ##       ## ##
     ##       #### ##     ## ######## ########  ##     ##  ######  ########

You're about to initialize a Firebase project in this directory:

  /Users/mac/Desktop/06-kodec-router-n-firebase-master

[info] 
=== Project Setup
[info] 
[info] First, let's associate this project directory with a Firebase project.
[info] You can create multiple project aliases by running firebase use --add, 
[info] but for now we'll just set up a default project.
[info] 
[debug] [2023-08-30T12:50:38.354Z] >>> [apiv2][query] GET https://firebase.googleapis.com/v1beta1/projects pageSize=100
[debug] [2023-08-30T12:50:40.094Z] <<< [apiv2][status] GET https://firebase.googleapis.com/v1beta1/projects 200
[debug] [2023-08-30T12:50:40.094Z] <<< [apiv2][body] GET https://firebase.googleapis.com/v1beta1/projects [omitted]
[info] i  Using project enlightenxk (enlightenxk) 
[info] 
=== Hosting Setup
[info] 
[info] Your public directory is the folder (relative to your project directory) that
[info] will contain Hosting assets to be uploaded with firebase deploy. If you
[info] have a build process for your assets, use your build's output directory.
[info] 
[debug] [2023-08-30T12:50:49.765Z] >>> [apiv2][query] GET https://www.gstatic.com/firebasejs/releases.json [none]
[debug] [2023-08-30T12:50:50.019Z] <<< [apiv2][status] GET https://www.gstatic.com/firebasejs/releases.json 200
[debug] [2023-08-30T12:50:50.019Z] <<< [apiv2][body] GET https://www.gstatic.com/firebasejs/releases.json {"current":{"version":"10.3.0","browserURL":"https://www.gstatic.com/firebasejs/10.3.0/firebase.js","packageURL":"https://www.gstatic.com/firebasejs/10.3.0/firebase.tgz"},"live":{"version":"10.3","browserURL":"https://www.gstatic.com/firebasejs/live/10.3/firebase.js","packageURL":"https://www.gstatic.com/firebasejs/live/10.3/firebase.tgz"},"components":{"analytics":"https://www.gstatic.com/firebasejs/10.3.0/firebase-analytics.js","app":"https://www.gstatic.com/firebasejs/10.3.0/firebase-app.js","app-check":"https://www.gstatic.com/firebasejs/10.3.0/firebase-app-check.js","auth":"https://www.gstatic.com/firebasejs/10.3.0/firebase-auth.js","auth/cordova":"https://www.gstatic.com/firebasejs/10.3.0/firebase-auth/cordova.js","functions":"https://www.gstatic.com/firebasejs/10.3.0/firebase-functions.js","firestore":"https://www.gstatic.com/firebasejs/10.3.0/firebase-firestore.js","firestore/lite":"https://www.gstatic.com/firebasejs/10.3.0/firebase-firestore/lite.js","installations":"https://www.gstatic.com/firebasejs/10.3.0/firebase-installations.js","storage":"https://www.gstatic.com/firebasejs/10.3.0/firebase-storage.js","performance":"https://www.gstatic.com/firebasejs/10.3.0/firebase-performance.js","remote-config":"https://www.gstatic.com/firebasejs/10.3.0/firebase-remote-config.js","messaging":"https://www.gstatic.com/firebasejs/10.3.0/firebase-messaging.js","messaging/sw":"https://www.gstatic.com/firebasejs/10.3.0/firebase-messaging/sw.js","database":"https://www.gstatic.com/firebasejs/10.3.0/firebase-database.js","firestore.memory":"https://www.gstatic.com/firebasejs/10.3.0/firebase-firestore.memory.js"}}
[info] ✔  Wrote y/index.html 
[info] 
[info] i  Detected a .git folder at /Users/mac/Desktop/06-kodec-router-n-firebase-master 
[info] i  Authorizing with GitHub to upload your service account to a GitHub repository's secrets store. 
[info] 
[info] Visit this URL on this device to log in:
[info] https://github.com/login/oauth/authorize?client_id=89cf50f02ac6aaed3484&state=989645437&redirect_uri=http%3A%2F%2Flocalhost%3A9005&scope=read%3Auser%20repo%20public_repo
[info] 
[info] Waiting for authentication...
[debug] [2023-08-30T12:50:55.904Z] >>> [apiv2][query] POST https://github.com/login/oauth/access_token [none]
[debug] [2023-08-30T12:50:55.904Z] >>> [apiv2][body] POST https://github.com/login/oauth/access_token [stream]
[debug] [2023-08-30T12:50:56.513Z] <<< [apiv2][status] POST https://github.com/login/oauth/access_token 200
[debug] [2023-08-30T12:50:56.514Z] <<< [apiv2][body] POST https://github.com/login/oauth/access_token {"access_token":"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","token_type":"bearer","scope":"read:user,repo"}
[debug] [2023-08-30T12:50:56.573Z] >>> [apiv2][query] GET https://api.github.com/user [none]
[debug] [2023-08-30T12:50:57.252Z] <<< [apiv2][status] GET https://api.github.com/user 200
[debug] [2023-08-30T12:50:57.253Z] <<< [apiv2][body] GET https://api.github.com/user {"login":"XKolz","id":72173277,"node_id":"MDQ6VXNlcjcyMTczMjc3","avatar_url":"https://avatars.githubusercontent.com/u/72173277?v=4","gravatar_id":"","url":"https://api.github.com/users/XKolz","html_url":"https://github.com/XKolz","followers_url":"https://api.github.com/users/XKolz/followers","following_url":"https://api.github.com/users/XKolz/following{/other_user}","gists_url":"https://api.github.com/users/XKolz/gists{/gist_id}","starred_url":"https://api.github.com/users/XKolz/starred{/owner}{/repo}","subscriptions_url":"https://api.github.com/users/XKolz/subscriptions","organizations_url":"https://api.github.com/users/XKolz/orgs","repos_url":"https://api.github.com/users/XKolz/repos","events_url":"https://api.github.com/users/XKolz/events{/privacy}","received_events_url":"https://api.github.com/users/XKolz/received_events","type":"User","site_admin":false,"name":null,"company":null,"blog":"","location":null,"email":null,"hireable":null,"bio":null,"twitter_username":null,"public_repos":49,"public_gists":0,"followers":4,"following":35,"created_at":"2020-09-30T23:53:36Z","updated_at":"2023-08-27T12:06:29Z","private_gists":0,"total_private_repos":0,"owned_private_repos":0,"disk_usage":98449,"collaborators":0,"two_factor_authentication":false,"plan":{"name":"pro","space":976562499,"collaborators":0,"private_repos":9999}}
[info] 
[info] ✔  Success! Logged into GitHub as XKolz 
[info] 
[debug] [2023-08-30T12:51:03.237Z] >>> [apiv2][query] GET https://api.github.com/repos/yes/actions/secrets/public-key type=owner
[debug] [2023-08-30T12:51:04.348Z] <<< [apiv2][status] GET https://api.github.com/repos/yes/actions/secrets/public-key 404
[debug] [2023-08-30T12:51:04.349Z] <<< [apiv2][body] GET https://api.github.com/repos/yes/actions/secrets/public-key {"message":"Not Found","documentation_url":"https://docs.github.com/rest"}
[info] 
[info] 
[error] ⚠  The provided authorization cannot be used with this repository. If this repository is in an organization, did you remember to grant access? 
[info] 
[info] i  Action required: Visit this URL to ensure access has been granted to the appropriate organization(s) for the Firebase CLI GitHub OAuth App: 
[info] https://github.com/settings/connections/applications/89cf50f02ac6aaed3484
[info] 
